<?xml version="1.0" encoding="UTF-8"?>
<testsuite xmlns:xsi="http://www.w3.org/2001/XMLSchema-instance" xsi:noNamespaceSchemaLocation="https://maven.apache.org/surefire/maven-surefire-plugin/xsd/surefire-test-report-3.0.xsd" version="3.0" name="com.oslab.cmanager.CmanagerApplicationTests" time="1.91" tests="1" errors="0" skipped="0" failures="0">
  <properties>
    <property name="java.specification.version" value="20"/>
    <property name="sun.jnu.encoding" value="UTF-8"/>
    <property name="java.class.path" value="/Users/yuseunghun/Documents/oidc/ssh_desktop_cmanager_spring/oslab_springboot_cmanager/target/test-classes:/Users/yuseunghun/Documents/oidc/ssh_desktop_cmanager_spring/oslab_springboot_cmanager/target/classes:/Users/yuseunghun/.m2/repository/org/springframework/boot/spring-boot-starter-web/3.1.0/spring-boot-starter-web-3.1.0.jar:/Users/yuseunghun/.m2/repository/org/springframework/boot/spring-boot-starter/3.1.0/spring-boot-starter-3.1.0.jar:/Users/yuseunghun/.m2/repository/org/springframework/boot/spring-boot-starter-logging/3.1.0/spring-boot-starter-logging-3.1.0.jar:/Users/yuseunghun/.m2/repository/ch/qos/logback/logback-classic/1.4.7/logback-classic-1.4.7.jar:/Users/yuseunghun/.m2/repository/ch/qos/logback/logback-core/1.4.7/logback-core-1.4.7.jar:/Users/yuseunghun/.m2/repository/org/apache/logging/log4j/log4j-to-slf4j/2.20.0/log4j-to-slf4j-2.20.0.jar:/Users/yuseunghun/.m2/repository/org/apache/logging/log4j/log4j-api/2.20.0/log4j-api-2.20.0.jar:/Users/yuseunghun/.m2/repository/org/slf4j/jul-to-slf4j/2.0.7/jul-to-slf4j-2.0.7.jar:/Users/yuseunghun/.m2/repository/jakarta/annotation/jakarta.annotation-api/2.1.1/jakarta.annotation-api-2.1.1.jar:/Users/yuseunghun/.m2/repository/org/yaml/snakeyaml/1.33/snakeyaml-1.33.jar:/Users/yuseunghun/.m2/repository/org/springframework/boot/spring-boot-starter-json/3.1.0/spring-boot-starter-json-3.1.0.jar:/Users/yuseunghun/.m2/repository/com/fasterxml/jackson/core/jackson-databind/2.15.0/jackson-databind-2.15.0.jar:/Users/yuseunghun/.m2/repository/com/fasterxml/jackson/core/jackson-core/2.15.0/jackson-core-2.15.0.jar:/Users/yuseunghun/.m2/repository/com/fasterxml/jackson/datatype/jackson-datatype-jdk8/2.15.0/jackson-datatype-jdk8-2.15.0.jar:/Users/yuseunghun/.m2/repository/com/fasterxml/jackson/datatype/jackson-datatype-jsr310/2.15.0/jackson-datatype-jsr310-2.15.0.jar:/Users/yuseunghun/.m2/repository/com/fasterxml/jackson/module/jackson-module-parameter-names/2.15.0/jackson-module-parameter-names-2.15.0.jar:/Users/yuseunghun/.m2/repository/org/springframework/boot/spring-boot-starter-tomcat/3.1.0/spring-boot-starter-tomcat-3.1.0.jar:/Users/yuseunghun/.m2/repository/org/apache/tomcat/embed/tomcat-embed-core/10.1.8/tomcat-embed-core-10.1.8.jar:/Users/yuseunghun/.m2/repository/org/apache/tomcat/embed/tomcat-embed-el/10.1.8/tomcat-embed-el-10.1.8.jar:/Users/yuseunghun/.m2/repository/org/apache/tomcat/embed/tomcat-embed-websocket/10.1.8/tomcat-embed-websocket-10.1.8.jar:/Users/yuseunghun/.m2/repository/org/springframework/spring-web/6.0.9/spring-web-6.0.9.jar:/Users/yuseunghun/.m2/repository/org/springframework/spring-beans/6.0.9/spring-beans-6.0.9.jar:/Users/yuseunghun/.m2/repository/io/micrometer/micrometer-observation/1.11.0/micrometer-observation-1.11.0.jar:/Users/yuseunghun/.m2/repository/io/micrometer/micrometer-commons/1.11.0/micrometer-commons-1.11.0.jar:/Users/yuseunghun/.m2/repository/org/springframework/spring-webmvc/6.0.9/spring-webmvc-6.0.9.jar:/Users/yuseunghun/.m2/repository/org/springframework/spring-aop/6.0.9/spring-aop-6.0.9.jar:/Users/yuseunghun/.m2/repository/org/springframework/spring-context/6.0.9/spring-context-6.0.9.jar:/Users/yuseunghun/.m2/repository/org/springframework/spring-expression/6.0.9/spring-expression-6.0.9.jar:/Users/yuseunghun/.m2/repository/org/springframework/boot/spring-boot-starter-websocket/3.1.0/spring-boot-starter-websocket-3.1.0.jar:/Users/yuseunghun/.m2/repository/org/springframework/spring-messaging/6.0.9/spring-messaging-6.0.9.jar:/Users/yuseunghun/.m2/repository/org/springframework/spring-websocket/6.0.9/spring-websocket-6.0.9.jar:/Users/yuseunghun/.m2/repository/org/webjars/sockjs-client/1.0.2/sockjs-client-1.0.2.jar:/Users/yuseunghun/.m2/repository/org/springframework/boot/spring-boot-starter-data-redis/3.1.0/spring-boot-starter-data-redis-3.1.0.jar:/Users/yuseunghun/.m2/repository/org/springframework/data/spring-data-redis/3.1.0/spring-data-redis-3.1.0.jar:/Users/yuseunghun/.m2/repository/org/springframework/data/spring-data-keyvalue/3.1.0/spring-data-keyvalue-3.1.0.jar:/Users/yuseunghun/.m2/repository/org/springframework/data/spring-data-commons/3.1.0/spring-data-commons-3.1.0.jar:/Users/yuseunghun/.m2/repository/org/springframework/spring-tx/6.0.9/spring-tx-6.0.9.jar:/Users/yuseunghun/.m2/repository/org/springframework/spring-oxm/6.0.9/spring-oxm-6.0.9.jar:/Users/yuseunghun/.m2/repository/org/springframework/spring-context-support/6.0.9/spring-context-support-6.0.9.jar:/Users/yuseunghun/.m2/repository/io/lettuce/lettuce-core/6.2.4.RELEASE/lettuce-core-6.2.4.RELEASE.jar:/Users/yuseunghun/.m2/repository/io/netty/netty-common/4.1.92.Final/netty-common-4.1.92.Final.jar:/Users/yuseunghun/.m2/repository/io/netty/netty-handler/4.1.92.Final/netty-handler-4.1.92.Final.jar:/Users/yuseunghun/.m2/repository/io/netty/netty-resolver/4.1.92.Final/netty-resolver-4.1.92.Final.jar:/Users/yuseunghun/.m2/repository/io/netty/netty-buffer/4.1.92.Final/netty-buffer-4.1.92.Final.jar:/Users/yuseunghun/.m2/repository/io/netty/netty-transport-native-unix-common/4.1.92.Final/netty-transport-native-unix-common-4.1.92.Final.jar:/Users/yuseunghun/.m2/repository/io/netty/netty-codec/4.1.92.Final/netty-codec-4.1.92.Final.jar:/Users/yuseunghun/.m2/repository/io/netty/netty-transport/4.1.92.Final/netty-transport-4.1.92.Final.jar:/Users/yuseunghun/.m2/repository/io/projectreactor/reactor-core/3.5.6/reactor-core-3.5.6.jar:/Users/yuseunghun/.m2/repository/org/reactivestreams/reactive-streams/1.0.4/reactive-streams-1.0.4.jar:/Users/yuseunghun/.m2/repository/org/webjars/stomp-websocket/2.3.3/stomp-websocket-2.3.3.jar:/Users/yuseunghun/.m2/repository/org/springframework/boot/spring-boot-devtools/3.1.0/spring-boot-devtools-3.1.0.jar:/Users/yuseunghun/.m2/repository/org/springframework/boot/spring-boot/3.1.0/spring-boot-3.1.0.jar:/Users/yuseunghun/.m2/repository/org/springframework/boot/spring-boot-autoconfigure/3.1.0/spring-boot-autoconfigure-3.1.0.jar:/Users/yuseunghun/.m2/repository/com/jcraft/jsch/0.1.55/jsch-0.1.55.jar:/Users/yuseunghun/.m2/repository/org/projectlombok/lombok/1.18.26/lombok-1.18.26.jar:/Users/yuseunghun/.m2/repository/org/springframework/boot/spring-boot-starter-test/3.1.0/spring-boot-starter-test-3.1.0.jar:/Users/yuseunghun/.m2/repository/org/springframework/boot/spring-boot-test/3.1.0/spring-boot-test-3.1.0.jar:/Users/yuseunghun/.m2/repository/org/springframework/boot/spring-boot-test-autoconfigure/3.1.0/spring-boot-test-autoconfigure-3.1.0.jar:/Users/yuseunghun/.m2/repository/com/jayway/jsonpath/json-path/2.8.0/json-path-2.8.0.jar:/Users/yuseunghun/.m2/repository/jakarta/xml/bind/jakarta.xml.bind-api/4.0.0/jakarta.xml.bind-api-4.0.0.jar:/Users/yuseunghun/.m2/repository/jakarta/activation/jakarta.activation-api/2.1.2/jakarta.activation-api-2.1.2.jar:/Users/yuseunghun/.m2/repository/net/minidev/json-smart/2.4.10/json-smart-2.4.10.jar:/Users/yuseunghun/.m2/repository/net/minidev/accessors-smart/2.4.9/accessors-smart-2.4.9.jar:/Users/yuseunghun/.m2/repository/org/ow2/asm/asm/9.3/asm-9.3.jar:/Users/yuseunghun/.m2/repository/org/assertj/assertj-core/3.24.2/assertj-core-3.24.2.jar:/Users/yuseunghun/.m2/repository/net/bytebuddy/byte-buddy/1.14.4/byte-buddy-1.14.4.jar:/Users/yuseunghun/.m2/repository/org/hamcrest/hamcrest/2.2/hamcrest-2.2.jar:/Users/yuseunghun/.m2/repository/org/junit/jupiter/junit-jupiter/5.9.3/junit-jupiter-5.9.3.jar:/Users/yuseunghun/.m2/repository/org/junit/jupiter/junit-jupiter-api/5.9.3/junit-jupiter-api-5.9.3.jar:/Users/yuseunghun/.m2/repository/org/opentest4j/opentest4j/1.2.0/opentest4j-1.2.0.jar:/Users/yuseunghun/.m2/repository/org/junit/platform/junit-platform-commons/1.9.3/junit-platform-commons-1.9.3.jar:/Users/yuseunghun/.m2/repository/org/apiguardian/apiguardian-api/1.1.2/apiguardian-api-1.1.2.jar:/Users/yuseunghun/.m2/repository/org/junit/jupiter/junit-jupiter-params/5.9.3/junit-jupiter-params-5.9.3.jar:/Users/yuseunghun/.m2/repository/org/junit/jupiter/junit-jupiter-engine/5.9.3/junit-jupiter-engine-5.9.3.jar:/Users/yuseunghun/.m2/repository/org/junit/platform/junit-platform-engine/1.9.3/junit-platform-engine-1.9.3.jar:/Users/yuseunghun/.m2/repository/org/mockito/mockito-core/5.3.1/mockito-core-5.3.1.jar:/Users/yuseunghun/.m2/repository/net/bytebuddy/byte-buddy-agent/1.14.4/byte-buddy-agent-1.14.4.jar:/Users/yuseunghun/.m2/repository/org/objenesis/objenesis/3.3/objenesis-3.3.jar:/Users/yuseunghun/.m2/repository/org/mockito/mockito-junit-jupiter/5.3.1/mockito-junit-jupiter-5.3.1.jar:/Users/yuseunghun/.m2/repository/org/skyscreamer/jsonassert/1.5.1/jsonassert-1.5.1.jar:/Users/yuseunghun/.m2/repository/com/vaadin/external/google/android-json/0.0.20131108.vaadin1/android-json-0.0.20131108.vaadin1.jar:/Users/yuseunghun/.m2/repository/org/springframework/spring-core/6.0.9/spring-core-6.0.9.jar:/Users/yuseunghun/.m2/repository/org/springframework/spring-jcl/6.0.9/spring-jcl-6.0.9.jar:/Users/yuseunghun/.m2/repository/org/springframework/spring-test/6.0.9/spring-test-6.0.9.jar:/Users/yuseunghun/.m2/repository/org/xmlunit/xmlunit-core/2.9.1/xmlunit-core-2.9.1.jar:/Users/yuseunghun/.m2/repository/com/github/docker-java/docker-java/3.2.13/docker-java-3.2.13.jar:/Users/yuseunghun/.m2/repository/com/github/docker-java/docker-java-core/3.2.13/docker-java-core-3.2.13.jar:/Users/yuseunghun/.m2/repository/commons-io/commons-io/2.6/commons-io-2.6.jar:/Users/yuseunghun/.m2/repository/org/apache/commons/commons-compress/1.21/commons-compress-1.21.jar:/Users/yuseunghun/.m2/repository/org/apache/commons/commons-lang3/3.12.0/commons-lang3-3.12.0.jar:/Users/yuseunghun/.m2/repository/com/google/guava/guava/19.0/guava-19.0.jar:/Users/yuseunghun/.m2/repository/org/bouncycastle/bcpkix-jdk15on/1.64/bcpkix-jdk15on-1.64.jar:/Users/yuseunghun/.m2/repository/org/bouncycastle/bcprov-jdk15on/1.64/bcprov-jdk15on-1.64.jar:/Users/yuseunghun/.m2/repository/com/github/docker-java/docker-java-transport-jersey/3.2.13/docker-java-transport-jersey-3.2.13.jar:/Users/yuseunghun/.m2/repository/com/fasterxml/jackson/jaxrs/jackson-jaxrs-json-provider/2.15.0/jackson-jaxrs-json-provider-2.15.0.jar:/Users/yuseunghun/.m2/repository/com/fasterxml/jackson/jaxrs/jackson-jaxrs-base/2.15.0/jackson-jaxrs-base-2.15.0.jar:/Users/yuseunghun/.m2/repository/com/fasterxml/jackson/module/jackson-module-jaxb-annotations/2.15.0/jackson-module-jaxb-annotations-2.15.0.jar:/Users/yuseunghun/.m2/repository/org/glassfish/jersey/connectors/jersey-apache-connector/3.1.1/jersey-apache-connector-3.1.1.jar:/Users/yuseunghun/.m2/repository/org/glassfish/jersey/core/jersey-common/3.1.1/jersey-common-3.1.1.jar:/Users/yuseunghun/.m2/repository/org/glassfish/hk2/osgi-resource-locator/1.0.3/osgi-resource-locator-1.0.3.jar:/Users/yuseunghun/.m2/repository/jakarta/ws/rs/jakarta.ws.rs-api/3.1.0/jakarta.ws.rs-api-3.1.0.jar:/Users/yuseunghun/.m2/repository/org/apache/httpcomponents/httpcore/4.4.16/httpcore-4.4.16.jar:/Users/yuseunghun/.m2/repository/org/apache/httpcomponents/httpclient/4.5.12/httpclient-4.5.12.jar:/Users/yuseunghun/.m2/repository/commons-codec/commons-codec/1.15/commons-codec-1.15.jar:/Users/yuseunghun/.m2/repository/org/glassfish/jersey/core/jersey-client/3.1.1/jersey-client-3.1.1.jar:/Users/yuseunghun/.m2/repository/jakarta/inject/jakarta.inject-api/2.0.1/jakarta.inject-api-2.0.1.jar:/Users/yuseunghun/.m2/repository/org/glassfish/jersey/inject/jersey-hk2/3.1.1/jersey-hk2-3.1.1.jar:/Users/yuseunghun/.m2/repository/org/glassfish/hk2/hk2-locator/3.0.3/hk2-locator-3.0.3.jar:/Users/yuseunghun/.m2/repository/org/glassfish/hk2/external/aopalliance-repackaged/3.0.3/aopalliance-repackaged-3.0.3.jar:/Users/yuseunghun/.m2/repository/org/glassfish/hk2/hk2-api/3.0.3/hk2-api-3.0.3.jar:/Users/yuseunghun/.m2/repository/org/glassfish/hk2/hk2-utils/3.0.3/hk2-utils-3.0.3.jar:/Users/yuseunghun/.m2/repository/org/javassist/javassist/3.29.0-GA/javassist-3.29.0-GA.jar:/Users/yuseunghun/.m2/repository/com/kohlschutter/junixsocket/junixsocket-common/2.3.2/junixsocket-common-2.3.2.jar:/Users/yuseunghun/.m2/repository/com/kohlschutter/junixsocket/junixsocket-native-common/2.3.2/junixsocket-native-common-2.3.2.jar:/Users/yuseunghun/.m2/repository/com/github/docker-java/docker-java-transport-netty/3.2.13/docker-java-transport-netty-3.2.13.jar:/Users/yuseunghun/.m2/repository/io/netty/netty-codec-http/4.1.92.Final/netty-codec-http-4.1.92.Final.jar:/Users/yuseunghun/.m2/repository/io/netty/netty-handler-proxy/4.1.92.Final/netty-handler-proxy-4.1.92.Final.jar:/Users/yuseunghun/.m2/repository/io/netty/netty-codec-socks/4.1.92.Final/netty-codec-socks-4.1.92.Final.jar:/Users/yuseunghun/.m2/repository/io/netty/netty-transport-native-epoll/4.1.92.Final/netty-transport-native-epoll-4.1.92.Final-linux-x86_64.jar:/Users/yuseunghun/.m2/repository/io/netty/netty-transport-classes-epoll/4.1.92.Final/netty-transport-classes-epoll-4.1.92.Final.jar:/Users/yuseunghun/.m2/repository/io/netty/netty-transport-native-kqueue/4.1.92.Final/netty-transport-native-kqueue-4.1.92.Final-osx-x86_64.jar:/Users/yuseunghun/.m2/repository/io/netty/netty-transport-classes-kqueue/4.1.92.Final/netty-transport-classes-kqueue-4.1.92.Final.jar:/Users/yuseunghun/.m2/repository/org/slf4j/jcl-over-slf4j/2.0.7/jcl-over-slf4j-2.0.7.jar:/Users/yuseunghun/.m2/repository/com/github/docker-java/docker-java-transport-httpclient5/3.2.13/docker-java-transport-httpclient5-3.2.13.jar:/Users/yuseunghun/.m2/repository/com/github/docker-java/docker-java-transport/3.2.13/docker-java-transport-3.2.13.jar:/Users/yuseunghun/.m2/repository/net/java/dev/jna/jna/5.8.0/jna-5.8.0.jar:/Users/yuseunghun/.m2/repository/com/github/docker-java/docker-java-api/3.2.13/docker-java-api-3.2.13.jar:/Users/yuseunghun/.m2/repository/com/fasterxml/jackson/core/jackson-annotations/2.15.0/jackson-annotations-2.15.0.jar:/Users/yuseunghun/.m2/repository/org/slf4j/slf4j-api/2.0.7/slf4j-api-2.0.7.jar:/Users/yuseunghun/.m2/repository/org/apache/httpcomponents/client5/httpclient5/5.2.1/httpclient5-5.2.1.jar:/Users/yuseunghun/.m2/repository/org/apache/httpcomponents/core5/httpcore5/5.2.1/httpcore5-5.2.1.jar:/Users/yuseunghun/.m2/repository/org/apache/httpcomponents/core5/httpcore5-h2/5.2.1/httpcore5-h2-5.2.1.jar:/Users/yuseunghun/.m2/repository/com/googlecode/json-simple/json-simple/1.1.1/json-simple-1.1.1.jar:/Users/yuseunghun/.m2/repository/junit/junit/4.13.2/junit-4.13.2.jar:/Users/yuseunghun/.m2/repository/org/hamcrest/hamcrest-core/2.2/hamcrest-core-2.2.jar:"/>
    <property name="java.vm.vendor" value="Homebrew"/>
    <property name="sun.arch.data.model" value="64"/>
    <property name="java.vendor.url" value="https://github.com/Homebrew/homebrew-core/issues"/>
    <property name="user.timezone" value="Asia/Seoul"/>
    <property name="os.name" value="Mac OS X"/>
    <property name="java.vm.specification.version" value="20"/>
    <property name="sun.java.launcher" value="SUN_STANDARD"/>
    <property name="user.country" value="KR"/>
    <property name="sun.boot.library.path" value="/opt/homebrew/Cellar/openjdk/20.0.1/libexec/openjdk.jdk/Contents/Home/lib"/>
    <property name="sun.java.command" value="/Users/yuseunghun/Documents/oidc/ssh_desktop_cmanager_spring/oslab_springboot_cmanager/target/surefire/surefirebooter-20230823235029055_3.jar /Users/yuseunghun/Documents/oidc/ssh_desktop_cmanager_spring/oslab_springboot_cmanager/target/surefire 2023-08-23T23-50-29_000-jvmRun1 surefire-20230823235029055_1tmp surefire_0-20230823235029055_2tmp"/>
    <property name="http.nonProxyHosts" value="local|*.local|169.254/16|*.169.254/16|lx.astxsvc.com|*.lx.astxsvc.com"/>
    <property name="jdk.debug" value="release"/>
    <property name="surefire.test.class.path" value="/Users/yuseunghun/Documents/oidc/ssh_desktop_cmanager_spring/oslab_springboot_cmanager/target/test-classes:/Users/yuseunghun/Documents/oidc/ssh_desktop_cmanager_spring/oslab_springboot_cmanager/target/classes:/Users/yuseunghun/.m2/repository/org/springframework/boot/spring-boot-starter-web/3.1.0/spring-boot-starter-web-3.1.0.jar:/Users/yuseunghun/.m2/repository/org/springframework/boot/spring-boot-starter/3.1.0/spring-boot-starter-3.1.0.jar:/Users/yuseunghun/.m2/repository/org/springframework/boot/spring-boot-starter-logging/3.1.0/spring-boot-starter-logging-3.1.0.jar:/Users/yuseunghun/.m2/repository/ch/qos/logback/logback-classic/1.4.7/logback-classic-1.4.7.jar:/Users/yuseunghun/.m2/repository/ch/qos/logback/logback-core/1.4.7/logback-core-1.4.7.jar:/Users/yuseunghun/.m2/repository/org/apache/logging/log4j/log4j-to-slf4j/2.20.0/log4j-to-slf4j-2.20.0.jar:/Users/yuseunghun/.m2/repository/org/apache/logging/log4j/log4j-api/2.20.0/log4j-api-2.20.0.jar:/Users/yuseunghun/.m2/repository/org/slf4j/jul-to-slf4j/2.0.7/jul-to-slf4j-2.0.7.jar:/Users/yuseunghun/.m2/repository/jakarta/annotation/jakarta.annotation-api/2.1.1/jakarta.annotation-api-2.1.1.jar:/Users/yuseunghun/.m2/repository/org/yaml/snakeyaml/1.33/snakeyaml-1.33.jar:/Users/yuseunghun/.m2/repository/org/springframework/boot/spring-boot-starter-json/3.1.0/spring-boot-starter-json-3.1.0.jar:/Users/yuseunghun/.m2/repository/com/fasterxml/jackson/core/jackson-databind/2.15.0/jackson-databind-2.15.0.jar:/Users/yuseunghun/.m2/repository/com/fasterxml/jackson/core/jackson-core/2.15.0/jackson-core-2.15.0.jar:/Users/yuseunghun/.m2/repository/com/fasterxml/jackson/datatype/jackson-datatype-jdk8/2.15.0/jackson-datatype-jdk8-2.15.0.jar:/Users/yuseunghun/.m2/repository/com/fasterxml/jackson/datatype/jackson-datatype-jsr310/2.15.0/jackson-datatype-jsr310-2.15.0.jar:/Users/yuseunghun/.m2/repository/com/fasterxml/jackson/module/jackson-module-parameter-names/2.15.0/jackson-module-parameter-names-2.15.0.jar:/Users/yuseunghun/.m2/repository/org/springframework/boot/spring-boot-starter-tomcat/3.1.0/spring-boot-starter-tomcat-3.1.0.jar:/Users/yuseunghun/.m2/repository/org/apache/tomcat/embed/tomcat-embed-core/10.1.8/tomcat-embed-core-10.1.8.jar:/Users/yuseunghun/.m2/repository/org/apache/tomcat/embed/tomcat-embed-el/10.1.8/tomcat-embed-el-10.1.8.jar:/Users/yuseunghun/.m2/repository/org/apache/tomcat/embed/tomcat-embed-websocket/10.1.8/tomcat-embed-websocket-10.1.8.jar:/Users/yuseunghun/.m2/repository/org/springframework/spring-web/6.0.9/spring-web-6.0.9.jar:/Users/yuseunghun/.m2/repository/org/springframework/spring-beans/6.0.9/spring-beans-6.0.9.jar:/Users/yuseunghun/.m2/repository/io/micrometer/micrometer-observation/1.11.0/micrometer-observation-1.11.0.jar:/Users/yuseunghun/.m2/repository/io/micrometer/micrometer-commons/1.11.0/micrometer-commons-1.11.0.jar:/Users/yuseunghun/.m2/repository/org/springframework/spring-webmvc/6.0.9/spring-webmvc-6.0.9.jar:/Users/yuseunghun/.m2/repository/org/springframework/spring-aop/6.0.9/spring-aop-6.0.9.jar:/Users/yuseunghun/.m2/repository/org/springframework/spring-context/6.0.9/spring-context-6.0.9.jar:/Users/yuseunghun/.m2/repository/org/springframework/spring-expression/6.0.9/spring-expression-6.0.9.jar:/Users/yuseunghun/.m2/repository/org/springframework/boot/spring-boot-starter-websocket/3.1.0/spring-boot-starter-websocket-3.1.0.jar:/Users/yuseunghun/.m2/repository/org/springframework/spring-messaging/6.0.9/spring-messaging-6.0.9.jar:/Users/yuseunghun/.m2/repository/org/springframework/spring-websocket/6.0.9/spring-websocket-6.0.9.jar:/Users/yuseunghun/.m2/repository/org/webjars/sockjs-client/1.0.2/sockjs-client-1.0.2.jar:/Users/yuseunghun/.m2/repository/org/springframework/boot/spring-boot-starter-data-redis/3.1.0/spring-boot-starter-data-redis-3.1.0.jar:/Users/yuseunghun/.m2/repository/org/springframework/data/spring-data-redis/3.1.0/spring-data-redis-3.1.0.jar:/Users/yuseunghun/.m2/repository/org/springframework/data/spring-data-keyvalue/3.1.0/spring-data-keyvalue-3.1.0.jar:/Users/yuseunghun/.m2/repository/org/springframework/data/spring-data-commons/3.1.0/spring-data-commons-3.1.0.jar:/Users/yuseunghun/.m2/repository/org/springframework/spring-tx/6.0.9/spring-tx-6.0.9.jar:/Users/yuseunghun/.m2/repository/org/springframework/spring-oxm/6.0.9/spring-oxm-6.0.9.jar:/Users/yuseunghun/.m2/repository/org/springframework/spring-context-support/6.0.9/spring-context-support-6.0.9.jar:/Users/yuseunghun/.m2/repository/io/lettuce/lettuce-core/6.2.4.RELEASE/lettuce-core-6.2.4.RELEASE.jar:/Users/yuseunghun/.m2/repository/io/netty/netty-common/4.1.92.Final/netty-common-4.1.92.Final.jar:/Users/yuseunghun/.m2/repository/io/netty/netty-handler/4.1.92.Final/netty-handler-4.1.92.Final.jar:/Users/yuseunghun/.m2/repository/io/netty/netty-resolver/4.1.92.Final/netty-resolver-4.1.92.Final.jar:/Users/yuseunghun/.m2/repository/io/netty/netty-buffer/4.1.92.Final/netty-buffer-4.1.92.Final.jar:/Users/yuseunghun/.m2/repository/io/netty/netty-transport-native-unix-common/4.1.92.Final/netty-transport-native-unix-common-4.1.92.Final.jar:/Users/yuseunghun/.m2/repository/io/netty/netty-codec/4.1.92.Final/netty-codec-4.1.92.Final.jar:/Users/yuseunghun/.m2/repository/io/netty/netty-transport/4.1.92.Final/netty-transport-4.1.92.Final.jar:/Users/yuseunghun/.m2/repository/io/projectreactor/reactor-core/3.5.6/reactor-core-3.5.6.jar:/Users/yuseunghun/.m2/repository/org/reactivestreams/reactive-streams/1.0.4/reactive-streams-1.0.4.jar:/Users/yuseunghun/.m2/repository/org/webjars/stomp-websocket/2.3.3/stomp-websocket-2.3.3.jar:/Users/yuseunghun/.m2/repository/org/springframework/boot/spring-boot-devtools/3.1.0/spring-boot-devtools-3.1.0.jar:/Users/yuseunghun/.m2/repository/org/springframework/boot/spring-boot/3.1.0/spring-boot-3.1.0.jar:/Users/yuseunghun/.m2/repository/org/springframework/boot/spring-boot-autoconfigure/3.1.0/spring-boot-autoconfigure-3.1.0.jar:/Users/yuseunghun/.m2/repository/com/jcraft/jsch/0.1.55/jsch-0.1.55.jar:/Users/yuseunghun/.m2/repository/org/projectlombok/lombok/1.18.26/lombok-1.18.26.jar:/Users/yuseunghun/.m2/repository/org/springframework/boot/spring-boot-starter-test/3.1.0/spring-boot-starter-test-3.1.0.jar:/Users/yuseunghun/.m2/repository/org/springframework/boot/spring-boot-test/3.1.0/spring-boot-test-3.1.0.jar:/Users/yuseunghun/.m2/repository/org/springframework/boot/spring-boot-test-autoconfigure/3.1.0/spring-boot-test-autoconfigure-3.1.0.jar:/Users/yuseunghun/.m2/repository/com/jayway/jsonpath/json-path/2.8.0/json-path-2.8.0.jar:/Users/yuseunghun/.m2/repository/jakarta/xml/bind/jakarta.xml.bind-api/4.0.0/jakarta.xml.bind-api-4.0.0.jar:/Users/yuseunghun/.m2/repository/jakarta/activation/jakarta.activation-api/2.1.2/jakarta.activation-api-2.1.2.jar:/Users/yuseunghun/.m2/repository/net/minidev/json-smart/2.4.10/json-smart-2.4.10.jar:/Users/yuseunghun/.m2/repository/net/minidev/accessors-smart/2.4.9/accessors-smart-2.4.9.jar:/Users/yuseunghun/.m2/repository/org/ow2/asm/asm/9.3/asm-9.3.jar:/Users/yuseunghun/.m2/repository/org/assertj/assertj-core/3.24.2/assertj-core-3.24.2.jar:/Users/yuseunghun/.m2/repository/net/bytebuddy/byte-buddy/1.14.4/byte-buddy-1.14.4.jar:/Users/yuseunghun/.m2/repository/org/hamcrest/hamcrest/2.2/hamcrest-2.2.jar:/Users/yuseunghun/.m2/repository/org/junit/jupiter/junit-jupiter/5.9.3/junit-jupiter-5.9.3.jar:/Users/yuseunghun/.m2/repository/org/junit/jupiter/junit-jupiter-api/5.9.3/junit-jupiter-api-5.9.3.jar:/Users/yuseunghun/.m2/repository/org/opentest4j/opentest4j/1.2.0/opentest4j-1.2.0.jar:/Users/yuseunghun/.m2/repository/org/junit/platform/junit-platform-commons/1.9.3/junit-platform-commons-1.9.3.jar:/Users/yuseunghun/.m2/repository/org/apiguardian/apiguardian-api/1.1.2/apiguardian-api-1.1.2.jar:/Users/yuseunghun/.m2/repository/org/junit/jupiter/junit-jupiter-params/5.9.3/junit-jupiter-params-5.9.3.jar:/Users/yuseunghun/.m2/repository/org/junit/jupiter/junit-jupiter-engine/5.9.3/junit-jupiter-engine-5.9.3.jar:/Users/yuseunghun/.m2/repository/org/junit/platform/junit-platform-engine/1.9.3/junit-platform-engine-1.9.3.jar:/Users/yuseunghun/.m2/repository/org/mockito/mockito-core/5.3.1/mockito-core-5.3.1.jar:/Users/yuseunghun/.m2/repository/net/bytebuddy/byte-buddy-agent/1.14.4/byte-buddy-agent-1.14.4.jar:/Users/yuseunghun/.m2/repository/org/objenesis/objenesis/3.3/objenesis-3.3.jar:/Users/yuseunghun/.m2/repository/org/mockito/mockito-junit-jupiter/5.3.1/mockito-junit-jupiter-5.3.1.jar:/Users/yuseunghun/.m2/repository/org/skyscreamer/jsonassert/1.5.1/jsonassert-1.5.1.jar:/Users/yuseunghun/.m2/repository/com/vaadin/external/google/android-json/0.0.20131108.vaadin1/android-json-0.0.20131108.vaadin1.jar:/Users/yuseunghun/.m2/repository/org/springframework/spring-core/6.0.9/spring-core-6.0.9.jar:/Users/yuseunghun/.m2/repository/org/springframework/spring-jcl/6.0.9/spring-jcl-6.0.9.jar:/Users/yuseunghun/.m2/repository/org/springframework/spring-test/6.0.9/spring-test-6.0.9.jar:/Users/yuseunghun/.m2/repository/org/xmlunit/xmlunit-core/2.9.1/xmlunit-core-2.9.1.jar:/Users/yuseunghun/.m2/repository/com/github/docker-java/docker-java/3.2.13/docker-java-3.2.13.jar:/Users/yuseunghun/.m2/repository/com/github/docker-java/docker-java-core/3.2.13/docker-java-core-3.2.13.jar:/Users/yuseunghun/.m2/repository/commons-io/commons-io/2.6/commons-io-2.6.jar:/Users/yuseunghun/.m2/repository/org/apache/commons/commons-compress/1.21/commons-compress-1.21.jar:/Users/yuseunghun/.m2/repository/org/apache/commons/commons-lang3/3.12.0/commons-lang3-3.12.0.jar:/Users/yuseunghun/.m2/repository/com/google/guava/guava/19.0/guava-19.0.jar:/Users/yuseunghun/.m2/repository/org/bouncycastle/bcpkix-jdk15on/1.64/bcpkix-jdk15on-1.64.jar:/Users/yuseunghun/.m2/repository/org/bouncycastle/bcprov-jdk15on/1.64/bcprov-jdk15on-1.64.jar:/Users/yuseunghun/.m2/repository/com/github/docker-java/docker-java-transport-jersey/3.2.13/docker-java-transport-jersey-3.2.13.jar:/Users/yuseunghun/.m2/repository/com/fasterxml/jackson/jaxrs/jackson-jaxrs-json-provider/2.15.0/jackson-jaxrs-json-provider-2.15.0.jar:/Users/yuseunghun/.m2/repository/com/fasterxml/jackson/jaxrs/jackson-jaxrs-base/2.15.0/jackson-jaxrs-base-2.15.0.jar:/Users/yuseunghun/.m2/repository/com/fasterxml/jackson/module/jackson-module-jaxb-annotations/2.15.0/jackson-module-jaxb-annotations-2.15.0.jar:/Users/yuseunghun/.m2/repository/org/glassfish/jersey/connectors/jersey-apache-connector/3.1.1/jersey-apache-connector-3.1.1.jar:/Users/yuseunghun/.m2/repository/org/glassfish/jersey/core/jersey-common/3.1.1/jersey-common-3.1.1.jar:/Users/yuseunghun/.m2/repository/org/glassfish/hk2/osgi-resource-locator/1.0.3/osgi-resource-locator-1.0.3.jar:/Users/yuseunghun/.m2/repository/jakarta/ws/rs/jakarta.ws.rs-api/3.1.0/jakarta.ws.rs-api-3.1.0.jar:/Users/yuseunghun/.m2/repository/org/apache/httpcomponents/httpcore/4.4.16/httpcore-4.4.16.jar:/Users/yuseunghun/.m2/repository/org/apache/httpcomponents/httpclient/4.5.12/httpclient-4.5.12.jar:/Users/yuseunghun/.m2/repository/commons-codec/commons-codec/1.15/commons-codec-1.15.jar:/Users/yuseunghun/.m2/repository/org/glassfish/jersey/core/jersey-client/3.1.1/jersey-client-3.1.1.jar:/Users/yuseunghun/.m2/repository/jakarta/inject/jakarta.inject-api/2.0.1/jakarta.inject-api-2.0.1.jar:/Users/yuseunghun/.m2/repository/org/glassfish/jersey/inject/jersey-hk2/3.1.1/jersey-hk2-3.1.1.jar:/Users/yuseunghun/.m2/repository/org/glassfish/hk2/hk2-locator/3.0.3/hk2-locator-3.0.3.jar:/Users/yuseunghun/.m2/repository/org/glassfish/hk2/external/aopalliance-repackaged/3.0.3/aopalliance-repackaged-3.0.3.jar:/Users/yuseunghun/.m2/repository/org/glassfish/hk2/hk2-api/3.0.3/hk2-api-3.0.3.jar:/Users/yuseunghun/.m2/repository/org/glassfish/hk2/hk2-utils/3.0.3/hk2-utils-3.0.3.jar:/Users/yuseunghun/.m2/repository/org/javassist/javassist/3.29.0-GA/javassist-3.29.0-GA.jar:/Users/yuseunghun/.m2/repository/com/kohlschutter/junixsocket/junixsocket-common/2.3.2/junixsocket-common-2.3.2.jar:/Users/yuseunghun/.m2/repository/com/kohlschutter/junixsocket/junixsocket-native-common/2.3.2/junixsocket-native-common-2.3.2.jar:/Users/yuseunghun/.m2/repository/com/github/docker-java/docker-java-transport-netty/3.2.13/docker-java-transport-netty-3.2.13.jar:/Users/yuseunghun/.m2/repository/io/netty/netty-codec-http/4.1.92.Final/netty-codec-http-4.1.92.Final.jar:/Users/yuseunghun/.m2/repository/io/netty/netty-handler-proxy/4.1.92.Final/netty-handler-proxy-4.1.92.Final.jar:/Users/yuseunghun/.m2/repository/io/netty/netty-codec-socks/4.1.92.Final/netty-codec-socks-4.1.92.Final.jar:/Users/yuseunghun/.m2/repository/io/netty/netty-transport-native-epoll/4.1.92.Final/netty-transport-native-epoll-4.1.92.Final-linux-x86_64.jar:/Users/yuseunghun/.m2/repository/io/netty/netty-transport-classes-epoll/4.1.92.Final/netty-transport-classes-epoll-4.1.92.Final.jar:/Users/yuseunghun/.m2/repository/io/netty/netty-transport-native-kqueue/4.1.92.Final/netty-transport-native-kqueue-4.1.92.Final-osx-x86_64.jar:/Users/yuseunghun/.m2/repository/io/netty/netty-transport-classes-kqueue/4.1.92.Final/netty-transport-classes-kqueue-4.1.92.Final.jar:/Users/yuseunghun/.m2/repository/org/slf4j/jcl-over-slf4j/2.0.7/jcl-over-slf4j-2.0.7.jar:/Users/yuseunghun/.m2/repository/com/github/docker-java/docker-java-transport-httpclient5/3.2.13/docker-java-transport-httpclient5-3.2.13.jar:/Users/yuseunghun/.m2/repository/com/github/docker-java/docker-java-transport/3.2.13/docker-java-transport-3.2.13.jar:/Users/yuseunghun/.m2/repository/net/java/dev/jna/jna/5.8.0/jna-5.8.0.jar:/Users/yuseunghun/.m2/repository/com/github/docker-java/docker-java-api/3.2.13/docker-java-api-3.2.13.jar:/Users/yuseunghun/.m2/repository/com/fasterxml/jackson/core/jackson-annotations/2.15.0/jackson-annotations-2.15.0.jar:/Users/yuseunghun/.m2/repository/org/slf4j/slf4j-api/2.0.7/slf4j-api-2.0.7.jar:/Users/yuseunghun/.m2/repository/org/apache/httpcomponents/client5/httpclient5/5.2.1/httpclient5-5.2.1.jar:/Users/yuseunghun/.m2/repository/org/apache/httpcomponents/core5/httpcore5/5.2.1/httpcore5-5.2.1.jar:/Users/yuseunghun/.m2/repository/org/apache/httpcomponents/core5/httpcore5-h2/5.2.1/httpcore5-h2-5.2.1.jar:/Users/yuseunghun/.m2/repository/com/googlecode/json-simple/json-simple/1.1.1/json-simple-1.1.1.jar:/Users/yuseunghun/.m2/repository/junit/junit/4.13.2/junit-4.13.2.jar:/Users/yuseunghun/.m2/repository/org/hamcrest/hamcrest-core/2.2/hamcrest-core-2.2.jar:"/>
    <property name="sun.cpu.endian" value="little"/>
    <property name="user.home" value="/Users/yuseunghun"/>
    <property name="user.language" value="ko"/>
    <property name="java.specification.vendor" value="Oracle Corporation"/>
    <property name="java.version.date" value="2023-04-18"/>
    <property name="java.home" value="/opt/homebrew/Cellar/openjdk/20.0.1/libexec/openjdk.jdk/Contents/Home"/>
    <property name="file.separator" value="/"/>
    <property name="basedir" value="/Users/yuseunghun/Documents/oidc/ssh_desktop_cmanager_spring/oslab_springboot_cmanager"/>
    <property name="java.vm.compressedOopsMode" value="Zero based"/>
    <property name="line.separator" value="&#10;"/>
    <property name="java.vm.specification.vendor" value="Oracle Corporation"/>
    <property name="java.specification.name" value="Java Platform API Specification"/>
    <property name="FILE_LOG_CHARSET" value="UTF-8"/>
    <property name="java.awt.headless" value="true"/>
    <property name="apple.awt.application.name" value="ForkedBooter"/>
    <property name="surefire.real.class.path" value="/Users/yuseunghun/Documents/oidc/ssh_desktop_cmanager_spring/oslab_springboot_cmanager/target/surefire/surefirebooter-20230823235029055_3.jar"/>
    <property name="sun.management.compiler" value="HotSpot 64-Bit Tiered Compilers"/>
    <property name="ftp.nonProxyHosts" value="local|*.local|169.254/16|*.169.254/16|lx.astxsvc.com|*.lx.astxsvc.com"/>
    <property name="java.runtime.version" value="20.0.1"/>
    <property name="user.name" value="yuseunghun"/>
    <property name="stdout.encoding" value="UTF-8"/>
    <property name="path.separator" value=":"/>
    <property name="os.version" value="13.1"/>
    <property name="java.runtime.name" value="OpenJDK Runtime Environment"/>
    <property name="file.encoding" value="UTF-8"/>
    <property name="java.vm.name" value="OpenJDK 64-Bit Server VM"/>
    <property name="java.vendor.version" value="Homebrew"/>
    <property name="localRepository" value="/Users/yuseunghun/.m2/repository"/>
    <property name="java.vendor.url.bug" value="https://github.com/Homebrew/homebrew-core/issues"/>
    <property name="java.io.tmpdir" value="/var/folders/y5/cn13fvhs6nz60k0nnsmsllp00000gn/T/"/>
    <property name="java.version" value="20.0.1"/>
    <property name="user.dir" value="/Users/yuseunghun/Documents/oidc/ssh_desktop_cmanager_spring/oslab_springboot_cmanager"/>
    <property name="os.arch" value="aarch64"/>
    <property name="java.vm.specification.name" value="Java Virtual Machine Specification"/>
    <property name="PID" value="63756"/>
    <property name="CONSOLE_LOG_CHARSET" value="UTF-8"/>
    <property name="native.encoding" value="UTF-8"/>
    <property name="java.library.path" value="/Users/yuseunghun/Library/Java/Extensions:/Library/Java/Extensions:/Network/Library/Java/Extensions:/System/Library/Java/Extensions:/usr/lib/java:."/>
    <property name="java.vm.info" value="mixed mode, sharing"/>
    <property name="stderr.encoding" value="UTF-8"/>
    <property name="java.vendor" value="Homebrew"/>
    <property name="java.vm.version" value="20.0.1"/>
    <property name="sun.io.unicode.encoding" value="UnicodeBig"/>
    <property name="socksNonProxyHosts" value="local|*.local|169.254/16|*.169.254/16|lx.astxsvc.com|*.lx.astxsvc.com"/>
    <property name="java.class.version" value="64.0"/>
  </properties>
  <testcase name="contextLoads" classname="com.oslab.cmanager.CmanagerApplicationTests" time="0.484">
    <system-out><![CDATA[23:50:29.468 [main] INFO org.springframework.test.context.support.AnnotationConfigContextLoaderUtils -- Could not detect default configuration classes for test class [com.oslab.cmanager.CmanagerApplicationTests]: CmanagerApplicationTests does not declare any static, non-private, non-final, nested classes annotated with @Configuration.
23:50:29.530 [main] INFO org.springframework.boot.test.context.SpringBootTestContextBootstrapper -- Found @SpringBootConfiguration com.oslab.cmanager.CmanagerApplication for test class com.oslab.cmanager.CmanagerApplicationTests

  .   ____          _            __ _ _
 /\\ / ___'_ __ _ _(_)_ __  __ _ \ \ \ \
( ( )\___ | '_ | '_| | '_ \/ _` | \ \ \ \
 \\/  ___)| |_)| | | | | || (_| |  ) ) ) )
  '  |____| .__|_| |_|_| |_\__, | / / / /
 =========|_|==============|___/=/_/_/_/
 :: Spring Boot ::                (v3.1.0)

2023-08-23T23:50:29.734+09:00  INFO 63756 --- [           main] c.o.cmanager.CmanagerApplicationTests    : Starting CmanagerApplicationTests using Java 20.0.1 with PID 63756 (started by yuseunghun in /Users/yuseunghun/Documents/oidc/ssh_desktop_cmanager_spring/oslab_springboot_cmanager)
2023-08-23T23:50:29.734+09:00  INFO 63756 --- [           main] c.o.cmanager.CmanagerApplicationTests    : No active profile set, falling back to 1 default profile: "default"
2023-08-23T23:50:29.990+09:00  INFO 63756 --- [           main] .s.d.r.c.RepositoryConfigurationDelegate : Multiple Spring Data modules found, entering strict repository configuration mode
2023-08-23T23:50:29.990+09:00  INFO 63756 --- [           main] .s.d.r.c.RepositoryConfigurationDelegate : Bootstrapping Spring Data Redis repositories in DEFAULT mode.
2023-08-23T23:50:30.001+09:00  INFO 63756 --- [           main] .s.d.r.c.RepositoryConfigurationDelegate : Finished Spring Data repository scanning in 3 ms. Found 0 Redis repository interfaces.
2023-08-23T23:50:30.090+09:00  INFO 63756 --- [           main] .s.d.r.c.RepositoryConfigurationDelegate : Multiple Spring Data modules found, entering strict repository configuration mode
2023-08-23T23:50:30.091+09:00  INFO 63756 --- [           main] .s.d.r.c.RepositoryConfigurationDelegate : Bootstrapping Spring Data Redis repositories in DEFAULT mode.
2023-08-23T23:50:30.099+09:00  INFO 63756 --- [           main] .s.d.r.c.RepositoryConfigurationDelegate : Finished Spring Data repository scanning in 8 ms. Found 0 Redis repository interfaces.
2023-08-23T23:50:30.786+09:00  INFO 63756 --- [           main] o.s.m.s.b.SimpleBrokerMessageHandler     : Starting...
2023-08-23T23:50:30.787+09:00  INFO 63756 --- [           main] o.s.m.s.b.SimpleBrokerMessageHandler     : BrokerAvailabilityEvent[available=true, SimpleBrokerMessageHandler [org.springframework.messaging.simp.broker.DefaultSubscriptionRegistry@15e08615]]
2023-08-23T23:50:30.787+09:00  INFO 63756 --- [           main] o.s.m.s.b.SimpleBrokerMessageHandler     : Started.
2023-08-23T23:50:30.792+09:00  INFO 63756 --- [           main] c.o.cmanager.CmanagerApplicationTests    : Started CmanagerApplicationTests in 1.19 seconds (process running for 1.687)
]]></system-out>
  </testcase>
</testsuite>